2025-11-29 00:00:29.544 [HikariPool-3:housekeeper] WARN  com.zaxxer.hikari.pool.HikariPool - HikariPool-3 - Thread starvation or clock leap detected (housekeeper delta=8m35s546ms).
2025-11-29 00:05:33.054 [HikariPool-3:housekeeper] WARN  com.zaxxer.hikari.pool.HikariPool - HikariPool-3 - Thread starvation or clock leap detected (housekeeper delta=3m33s483ms).
2025-11-29 00:20:57.462 [HikariPool-3:housekeeper] WARN  com.zaxxer.hikari.pool.HikariPool - HikariPool-3 - Thread starvation or clock leap detected (housekeeper delta=12m54s366ms).
2025-11-29 00:35:11.471 [HikariPool-3:housekeeper] WARN  com.zaxxer.hikari.pool.HikariPool - HikariPool-3 - Thread starvation or clock leap detected (housekeeper delta=12m43s975ms).
2025-11-29 00:41:19.274 [HikariPool-3:housekeeper] WARN  com.zaxxer.hikari.pool.HikariPool - HikariPool-3 - Thread starvation or clock leap detected (housekeeper delta=4m7s768ms).
2025-11-29 00:59:31.776 [HikariPool-3:housekeeper] WARN  com.zaxxer.hikari.pool.HikariPool - HikariPool-3 - Thread starvation or clock leap detected (housekeeper delta=16m12s473ms).
2025-11-29 01:17:31.273 [HikariPool-3:housekeeper] WARN  com.zaxxer.hikari.pool.HikariPool - HikariPool-3 - Thread starvation or clock leap detected (housekeeper delta=15m29s456ms).
2025-11-29 01:33:49.711 [HikariPool-3:housekeeper] WARN  com.zaxxer.hikari.pool.HikariPool - HikariPool-3 - Thread starvation or clock leap detected (housekeeper delta=16m18s438ms).
2025-11-29 01:45:28.999 [HikariPool-3:housekeeper] WARN  com.zaxxer.hikari.pool.HikariPool - HikariPool-3 - Thread starvation or clock leap detected (housekeeper delta=7m39s207ms).
2025-11-29 02:04:36.503 [HikariPool-3:housekeeper] WARN  com.zaxxer.hikari.pool.HikariPool - HikariPool-3 - Thread starvation or clock leap detected (housekeeper delta=17m37s487ms).
2025-11-29 02:08:52.631 [HikariPool-3:housekeeper] WARN  com.zaxxer.hikari.pool.HikariPool - HikariPool-3 - Thread starvation or clock leap detected (housekeeper delta=2m16s93ms).
2025-11-29 02:28:26.080 [HikariPool-3:housekeeper] WARN  com.zaxxer.hikari.pool.HikariPool - HikariPool-3 - Thread starvation or clock leap detected (housekeeper delta=15m33s384ms).
2025-11-29 02:45:51.315 [HikariPool-3:housekeeper] WARN  com.zaxxer.hikari.pool.HikariPool - HikariPool-3 - Thread starvation or clock leap detected (housekeeper delta=15m55s205ms).
2025-11-29 03:04:43.070 [HikariPool-3:housekeeper] WARN  com.zaxxer.hikari.pool.HikariPool - HikariPool-3 - Thread starvation or clock leap detected (housekeeper delta=14m51s693ms).
2025-11-29 03:24:35.097 [HikariPool-3:housekeeper] WARN  com.zaxxer.hikari.pool.HikariPool - HikariPool-3 - Thread starvation or clock leap detected (housekeeper delta=16m51s968ms).
2025-11-29 03:43:10.804 [HikariPool-3:housekeeper] WARN  com.zaxxer.hikari.pool.HikariPool - HikariPool-3 - Thread starvation or clock leap detected (housekeeper delta=15m35s658ms).
2025-11-29 04:02:09.678 [HikariPool-3:housekeeper] WARN  com.zaxxer.hikari.pool.HikariPool - HikariPool-3 - Thread starvation or clock leap detected (housekeeper delta=16m58s835ms).
2025-11-29 05:17:39.469 [HikariPool-3:housekeeper] WARN  com.zaxxer.hikari.pool.HikariPool - HikariPool-3 - Thread starvation or clock leap detected (housekeeper delta=15m58s936ms).
2025-11-29 05:34:20.003 [HikariPool-3:housekeeper] WARN  com.zaxxer.hikari.pool.HikariPool - HikariPool-3 - Thread starvation or clock leap detected (housekeeper delta=16m10s523ms).
2025-11-29 05:49:47.607 [HikariPool-3:housekeeper] WARN  com.zaxxer.hikari.pool.HikariPool - HikariPool-3 - Thread starvation or clock leap detected (housekeeper delta=15m27s604ms).
2025-11-29 06:05:19.755 [HikariPool-3:housekeeper] WARN  com.zaxxer.hikari.pool.HikariPool - HikariPool-3 - Thread starvation or clock leap detected (housekeeper delta=13m2s99ms).
2025-11-29 06:07:42.745 [HikariPool-3:housekeeper] WARN  com.zaxxer.hikari.pool.HikariPool - HikariPool-3 - Thread starvation or clock leap detected (housekeeper delta=2m22s990ms).
2025-11-29 06:25:50.531 [HikariPool-3:housekeeper] WARN  com.zaxxer.hikari.pool.HikariPool - HikariPool-3 - Thread starvation or clock leap detected (housekeeper delta=16m7s767ms).
2025-11-29 06:38:40.891 [HikariPool-3:housekeeper] WARN  com.zaxxer.hikari.pool.HikariPool - HikariPool-3 - Thread starvation or clock leap detected (housekeeper delta=8m50s296ms).
2025-11-29 06:55:55.619 [HikariPool-3:housekeeper] WARN  com.zaxxer.hikari.pool.HikariPool - HikariPool-3 - Thread starvation or clock leap detected (housekeeper delta=15m44s707ms).
2025-11-29 08:13:52.911 [HikariPool-3:housekeeper] WARN  com.zaxxer.hikari.pool.HikariPool - HikariPool-3 - Thread starvation or clock leap detected (housekeeper delta=17m26s324ms).
2025-11-29 08:17:24.282 [HikariPool-3:housekeeper] WARN  com.zaxxer.hikari.pool.HikariPool - HikariPool-3 - Thread starvation or clock leap detected (housekeeper delta=3m1s350ms).
2025-11-29 08:27:25.630 [HikariPool-3:housekeeper] WARN  com.zaxxer.hikari.pool.HikariPool - HikariPool-3 - Thread starvation or clock leap detected (housekeeper delta=8m1s312ms).
2025-11-29 08:39:27.144 [HikariPool-3:housekeeper] WARN  com.zaxxer.hikari.pool.HikariPool - HikariPool-3 - Thread starvation or clock leap detected (housekeeper delta=9m31s476ms).
2025-11-29 08:48:16.199 [HikariPool-3:housekeeper] WARN  com.zaxxer.hikari.pool.HikariPool - HikariPool-3 - Thread starvation or clock leap detected (housekeeper delta=6m49s15ms).
2025-11-29 09:06:09.640 [HikariPool-3:housekeeper] WARN  com.zaxxer.hikari.pool.HikariPool - HikariPool-3 - Thread starvation or clock leap detected (housekeeper delta=15m53s408ms).
2025-11-29 09:17:02.201 [HikariPool-3:housekeeper] WARN  com.zaxxer.hikari.pool.HikariPool - HikariPool-3 - Thread starvation or clock leap detected (housekeeper delta=8m52s545ms).
2025-11-29 09:36:11.549 [HikariPool-3:housekeeper] WARN  com.zaxxer.hikari.pool.HikariPool - HikariPool-3 - Thread starvation or clock leap detected (housekeeper delta=17m9s309ms).
2025-11-29 09:46:59.219 [HikariPool-3:housekeeper] WARN  com.zaxxer.hikari.pool.HikariPool - HikariPool-3 - Thread starvation or clock leap detected (housekeeper delta=6m44s693ms).
2025-11-29 09:51:00.438 [HikariPool-3:housekeeper] WARN  com.zaxxer.hikari.pool.HikariPool - HikariPool-3 - Thread starvation or clock leap detected (housekeeper delta=2m1s196ms).
2025-11-29 10:08:17.465 [HikariPool-3:housekeeper] WARN  com.zaxxer.hikari.pool.HikariPool - HikariPool-3 - Thread starvation or clock leap detected (housekeeper delta=15m47s4ms).
2025-11-29 10:16:27.984 [HikariPool-3:housekeeper] WARN  com.zaxxer.hikari.pool.HikariPool - HikariPool-3 - Thread starvation or clock leap detected (housekeeper delta=6m10s459ms).
2025-11-29 10:25:54.815 [HikariPool-3:housekeeper] WARN  com.zaxxer.hikari.pool.HikariPool - HikariPool-3 - Thread starvation or clock leap detected (housekeeper delta=5m17s313ms).
2025-11-29 11:05:53.304 [HikariPool-3:housekeeper] WARN  com.zaxxer.hikari.pool.HikariPool - HikariPool-3 - Thread starvation or clock leap detected (housekeeper delta=58s146ms).
2025-11-29 11:10:18.741 [HikariPool-3:housekeeper] WARN  com.zaxxer.hikari.pool.HikariPool - HikariPool-3 - Thread starvation or clock leap detected (housekeeper delta=3m55s436ms).
2025-11-29 11:28:47.093 [HikariPool-3:housekeeper] WARN  com.zaxxer.hikari.pool.HikariPool - HikariPool-3 - Thread starvation or clock leap detected (housekeeper delta=58s196ms).
2025-11-29 11:38:48.003 [HikariPool-3:housekeeper] WARN  com.zaxxer.hikari.pool.HikariPool - HikariPool-3 - Thread starvation or clock leap detected (housekeeper delta=9m30s905ms).
2025-11-29 11:40:45.834 [HikariPool-3:housekeeper] WARN  com.zaxxer.hikari.pool.HikariPool - HikariPool-3 - Thread starvation or clock leap detected (housekeeper delta=57s817ms).
2025-11-29 12:37:44.269 [HikariPool-3:housekeeper] WARN  com.zaxxer.hikari.pool.HikariPool - HikariPool-3 - Thread starvation or clock leap detected (housekeeper delta=57s959ms).
2025-11-29 12:54:19.945 [HikariPool-3:housekeeper] WARN  com.zaxxer.hikari.pool.HikariPool - HikariPool-3 - Thread starvation or clock leap detected (housekeeper delta=16m35s676ms).
2025-11-29 13:13:56.958 [HikariPool-3:housekeeper] WARN  com.zaxxer.hikari.pool.HikariPool - HikariPool-3 - Thread starvation or clock leap detected (housekeeper delta=17m36s998ms).
2025-11-29 13:16:23.031 [HikariPool-3:housekeeper] WARN  com.zaxxer.hikari.pool.HikariPool - HikariPool-3 - Thread starvation or clock leap detected (housekeeper delta=1m56s58ms).
2025-11-29 13:35:45.167 [HikariPool-3:housekeeper] WARN  com.zaxxer.hikari.pool.HikariPool - HikariPool-3 - Thread starvation or clock leap detected (housekeeper delta=16m52s94ms).
2025-11-29 13:41:38.353 [HikariPool-3:housekeeper] WARN  com.zaxxer.hikari.pool.HikariPool - HikariPool-3 - Thread starvation or clock leap detected (housekeeper delta=3m53s166ms).
2025-11-29 13:56:32.219 [HikariPool-3:housekeeper] WARN  com.zaxxer.hikari.pool.HikariPool - HikariPool-3 - Thread starvation or clock leap detected (housekeeper delta=11m23s811ms).
2025-11-29 13:59:30.173 [HikariPool-3:housekeeper] WARN  com.zaxxer.hikari.pool.HikariPool - HikariPool-3 - Thread starvation or clock leap detected (housekeeper delta=57s921ms).
2025-11-29 14:05:09.509 [HikariPool-3:housekeeper] WARN  com.zaxxer.hikari.pool.HikariPool - HikariPool-3 - Thread starvation or clock leap detected (housekeeper delta=3m39s305ms).
2025-11-29 14:13:23.125 [HikariPool-3:housekeeper] WARN  com.zaxxer.hikari.pool.HikariPool - HikariPool-3 - Thread starvation or clock leap detected (housekeeper delta=6m13s584ms).
2025-11-29 14:17:33.339 [HikariPool-3:housekeeper] WARN  com.zaxxer.hikari.pool.HikariPool - HikariPool-3 - Thread starvation or clock leap detected (housekeeper delta=2m10s178ms).
2025-11-29 14:32:58.017 [HikariPool-3:housekeeper] WARN  com.zaxxer.hikari.pool.HikariPool - HikariPool-3 - Thread starvation or clock leap detected (housekeeper delta=12m21s982ms).
2025-11-29 14:38:45.752 [HikariPool-3:housekeeper] WARN  com.zaxxer.hikari.pool.HikariPool - HikariPool-3 - Thread starvation or clock leap detected (housekeeper delta=4m17s707ms).
2025-11-29 14:41:48.952 [HikariPool-3:housekeeper] WARN  com.zaxxer.hikari.pool.HikariPool - HikariPool-3 - Thread starvation or clock leap detected (housekeeper delta=1m3s162ms).
2025-11-29 14:52:55.225 [HikariPool-3:housekeeper] WARN  com.zaxxer.hikari.pool.HikariPool - HikariPool-3 - Thread starvation or clock leap detected (housekeeper delta=7m6s208ms).
2025-11-29 15:42:53.128 [HikariPool-3:housekeeper] WARN  com.zaxxer.hikari.pool.HikariPool - HikariPool-3 - Thread starvation or clock leap detected (housekeeper delta=13m57s520ms).
2025-11-29 15:50:45.810 [HikariPool-3:housekeeper] WARN  com.zaxxer.hikari.pool.HikariPool - HikariPool-3 - Thread starvation or clock leap detected (housekeeper delta=7m22s681ms).
2025-11-29 15:57:15.237 [HikariPool-3:housekeeper] WARN  com.zaxxer.hikari.pool.HikariPool - HikariPool-3 - Thread starvation or clock leap detected (housekeeper delta=4m29s396ms).
2025-11-29 16:15:40.026 [HikariPool-3:housekeeper] WARN  com.zaxxer.hikari.pool.HikariPool - HikariPool-3 - Thread starvation or clock leap detected (housekeeper delta=16m24s768ms).
2025-11-29 16:36:45.476 [HikariPool-3:housekeeper] WARN  com.zaxxer.hikari.pool.HikariPool - HikariPool-3 - Thread starvation or clock leap detected (housekeeper delta=16m4s753ms).
2025-11-29 16:54:05.674 [HikariPool-3:housekeeper] WARN  com.zaxxer.hikari.pool.HikariPool - HikariPool-3 - Thread starvation or clock leap detected (housekeeper delta=15m50s164ms).
2025-11-29 17:01:18.575 [HikariPool-3:housekeeper] WARN  com.zaxxer.hikari.pool.HikariPool - HikariPool-3 - Thread starvation or clock leap detected (housekeeper delta=5m12s875ms).
2025-11-29 17:06:31.994 [HikariPool-3:housekeeper] WARN  com.zaxxer.hikari.pool.HikariPool - HikariPool-3 - Thread starvation or clock leap detected (housekeeper delta=4m43s411ms).
2025-11-29 17:15:09.843 [scheduling-1] INFO  c.t.c.f.w.b.S.PasswordResetTokenCleanupService - Cleaned up expired password reset tokens at: 2025-11-29T17:15:09.833111
2025-11-29 18:39:37.509 [HikariPool-3:housekeeper] WARN  com.zaxxer.hikari.pool.HikariPool - HikariPool-3 - Thread starvation or clock leap detected (housekeeper delta=58s404ms).
2025-11-29 18:41:29.311 [HikariPool-3:housekeeper] WARN  com.zaxxer.hikari.pool.HikariPool - HikariPool-3 - Thread starvation or clock leap detected (housekeeper delta=1m21s780ms).
2025-11-29 18:48:50.302 [HikariPool-3:housekeeper] WARN  com.zaxxer.hikari.pool.HikariPool - HikariPool-3 - Thread starvation or clock leap detected (housekeeper delta=6m50s989ms).
2025-11-29 19:02:34.105 [HikariPool-3:housekeeper] WARN  com.zaxxer.hikari.pool.HikariPool - HikariPool-3 - Thread starvation or clock leap detected (housekeeper delta=1m37s817ms).
2025-11-29 19:10:04.366 [HikariPool-3:housekeeper] WARN  com.zaxxer.hikari.pool.HikariPool - HikariPool-3 - Thread starvation or clock leap detected (housekeeper delta=7m30s261ms).
2025-11-29 19:13:45.218 [HikariPool-3:housekeeper] WARN  com.zaxxer.hikari.pool.HikariPool - HikariPool-3 - Thread starvation or clock leap detected (housekeeper delta=3m10s846ms).
2025-11-29 19:15:10.651 [HikariPool-3:housekeeper] WARN  com.zaxxer.hikari.pool.HikariPool - HikariPool-3 - Thread starvation or clock leap detected (housekeeper delta=55s427ms).
2025-11-29 19:27:32.533 [HikariPool-3:housekeeper] WARN  com.zaxxer.hikari.pool.HikariPool - HikariPool-3 - Thread starvation or clock leap detected (housekeeper delta=12m21s882ms).
2025-11-29 19:40:18.266 [HikariPool-3:housekeeper] WARN  com.zaxxer.hikari.pool.HikariPool - HikariPool-3 - Thread starvation or clock leap detected (housekeeper delta=2m45s560ms).
2025-11-29 19:45:51.490 [HikariPool-3:housekeeper] WARN  com.zaxxer.hikari.pool.HikariPool - HikariPool-3 - Thread starvation or clock leap detected (housekeeper delta=5m33s224ms).
2025-11-29 20:00:17.874 [HikariPool-3:housekeeper] WARN  com.zaxxer.hikari.pool.HikariPool - HikariPool-3 - Thread starvation or clock leap detected (housekeeper delta=13m56s370ms).
2025-11-29 20:16:42.462 [SpringApplicationShutdownHook] INFO  o.s.b.w.e.tomcat.GracefulShutdown - Commencing graceful shutdown. Waiting for active requests to complete
2025-11-29 20:16:42.463 [tomcat-shutdown] INFO  o.s.b.w.e.tomcat.GracefulShutdown - Graceful shutdown complete
2025-11-29 20:16:42.465 [SpringApplicationShutdownHook] INFO  o.s.o.j.LocalContainerEntityManagerFactoryBean - Closing JPA EntityManagerFactory for persistence unit 'default'
2025-11-29 20:16:42.465 [SpringApplicationShutdownHook] INFO  com.zaxxer.hikari.HikariDataSource - HikariPool-3 - Shutdown initiated...
2025-11-29 20:16:42.467 [SpringApplicationShutdownHook] INFO  com.zaxxer.hikari.HikariDataSource - HikariPool-3 - Shutdown completed.
